<?xml version="1.0" encoding="UTF-8"?>
<testng-results ignored="0" total="7" passed="5" failed="2" skipped="0">
  <reporter-output>
  </reporter-output>
  <suite started-at="2023-10-17T10:07:07 IST" name="Suite" finished-at="2023-10-17T10:08:42 IST" duration-ms="95225">
    <groups>
      <group name="Sanity">
        <method signature="AddToCartTest.addToCartTest(java.lang.String,java.lang.String)[pri:0, instance:com.nopCommerce.testCases.AddToCartTest@624ea235]" name="addToCartTest" class="com.nopCommerce.testCases.AddToCartTest"/>
        <method signature="LoginPageTest.login(java.lang.String,java.lang.String)[pri:0, instance:com.nopCommerce.testCases.LoginPageTest@60f00693]" name="login" class="com.nopCommerce.testCases.LoginPageTest"/>
        <method signature="NewRagisterTest.verifyAccountCreationPage()[pri:0, instance:com.nopCommerce.testCases.NewRagisterTest@16150369]" name="verifyAccountCreationPage" class="com.nopCommerce.testCases.NewRagisterTest"/>
      </group> <!-- Sanity -->
      <group name="Regression">
        <method signature="AddToCartTest.addToCartTest(java.lang.String,java.lang.String)[pri:0, instance:com.nopCommerce.testCases.AddToCartTest@624ea235]" name="addToCartTest" class="com.nopCommerce.testCases.AddToCartTest"/>
      </group> <!-- Regression -->
      <group name="Smoke">
        <method signature="HomePageTest.wishListTest()[pri:0, instance:com.nopCommerce.testCases.HomePageTest@3932c79a]" name="wishListTest" class="com.nopCommerce.testCases.HomePageTest"/>
        <method signature="IndexPageTest.verifyLogo()[pri:0, instance:com.nopCommerce.testCases.IndexPageTest@782859e]" name="verifyLogo" class="com.nopCommerce.testCases.IndexPageTest"/>
        <method signature="IndexPageTest.verifyTitle()[pri:0, instance:com.nopCommerce.testCases.IndexPageTest@782859e]" name="verifyTitle" class="com.nopCommerce.testCases.IndexPageTest"/>
        <method signature="LoginPageTest.login(java.lang.String,java.lang.String)[pri:0, instance:com.nopCommerce.testCases.LoginPageTest@60f00693]" name="login" class="com.nopCommerce.testCases.LoginPageTest"/>
        <method signature="SerachResultPageTest.productAvilabilityTest()[pri:0, instance:com.nopCommerce.testCases.SerachResultPageTest@6b09fb41]" name="productAvilabilityTest" class="com.nopCommerce.testCases.SerachResultPageTest"/>
      </group> <!-- Smoke -->
    </groups>
    <test started-at="2023-10-17T10:07:07 IST" name="Test" finished-at="2023-10-17T10:08:42 IST" duration-ms="95225">
      <class name="com.nopCommerce.testCases.SerachResultPageTest">
        <test-method is-config="true" signature="setUp(java.lang.String)[pri:0, instance:com.nopCommerce.testCases.SerachResultPageTest@6b09fb41]" started-at="2023-10-17T10:07:47 IST" name="setUp" finished-at="2023-10-17T10:07:52 IST" duration-ms="4654" status="PASS">
          <params>
            <param index="0">
              <value>
                <![CDATA[Chrome]]>
              </value>
            </param>
          </params>
          <reporter-output>
          </reporter-output>
        </test-method> <!-- setUp -->
        <test-method signature="productAvilabilityTest()[pri:0, instance:com.nopCommerce.testCases.SerachResultPageTest@6b09fb41]" started-at="2023-10-17T10:07:52 IST" name="productAvilabilityTest" finished-at="2023-10-17T10:07:56 IST" duration-ms="3492" status="PASS">
          <reporter-output>
          </reporter-output>
        </test-method> <!-- productAvilabilityTest -->
        <test-method is-config="true" signature="tearDown()[pri:0, instance:com.nopCommerce.testCases.SerachResultPageTest@6b09fb41]" started-at="2023-10-17T10:08:42 IST" name="tearDown" finished-at="2023-10-17T10:08:42 IST" duration-ms="0" status="PASS">
          <reporter-output>
          </reporter-output>
        </test-method> <!-- tearDown -->
      </class> <!-- com.nopCommerce.testCases.SerachResultPageTest -->
      <class name="com.nopCommerce.testCases.HomePageTest">
        <test-method is-config="true" signature="setUp(java.lang.String)[pri:0, instance:com.nopCommerce.testCases.HomePageTest@3932c79a]" started-at="2023-10-17T10:08:16 IST" name="setUp" finished-at="2023-10-17T10:08:21 IST" duration-ms="4988" status="PASS">
          <params>
            <param index="0">
              <value>
                <![CDATA[Chrome]]>
              </value>
            </param>
          </params>
          <reporter-output>
          </reporter-output>
        </test-method> <!-- setUp -->
        <test-method signature="wishListTest()[pri:0, instance:com.nopCommerce.testCases.HomePageTest@3932c79a]" started-at="2023-10-17T10:08:21 IST" name="wishListTest" finished-at="2023-10-17T10:08:23 IST" duration-ms="2631" status="PASS">
          <reporter-output>
          </reporter-output>
        </test-method> <!-- wishListTest -->
        <test-method is-config="true" signature="tearDown()[pri:0, instance:com.nopCommerce.testCases.HomePageTest@3932c79a]" started-at="2023-10-17T10:08:23 IST" name="tearDown" finished-at="2023-10-17T10:08:24 IST" duration-ms="411" status="PASS">
          <reporter-output>
          </reporter-output>
        </test-method> <!-- tearDown -->
      </class> <!-- com.nopCommerce.testCases.HomePageTest -->
      <class name="com.nopCommerce.testCases.NewRagisterTest">
        <test-method is-config="true" signature="setUp(java.lang.String)[pri:0, instance:com.nopCommerce.testCases.NewRagisterTest@16150369]" started-at="2023-10-17T10:07:38 IST" name="setUp" finished-at="2023-10-17T10:07:45 IST" duration-ms="7088" status="PASS">
          <params>
            <param index="0">
              <value>
                <![CDATA[Chrome]]>
              </value>
            </param>
          </params>
          <reporter-output>
          </reporter-output>
        </test-method> <!-- setUp -->
        <test-method signature="verifyAccountCreationPage()[pri:0, instance:com.nopCommerce.testCases.NewRagisterTest@16150369]" started-at="2023-10-17T10:07:45 IST" name="verifyAccountCreationPage" finished-at="2023-10-17T10:07:47 IST" duration-ms="2129" status="PASS">
          <reporter-output>
          </reporter-output>
        </test-method> <!-- verifyAccountCreationPage -->
        <test-method is-config="true" signature="tearDown()[pri:0, instance:com.nopCommerce.testCases.NewRagisterTest@16150369]" started-at="2023-10-17T10:07:47 IST" name="tearDown" finished-at="2023-10-17T10:07:47 IST" duration-ms="447" status="PASS">
          <reporter-output>
          </reporter-output>
        </test-method> <!-- tearDown -->
      </class> <!-- com.nopCommerce.testCases.NewRagisterTest -->
      <class name="com.nopCommerce.testCases.AddToCartTest">
        <test-method is-config="true" signature="setUp(java.lang.String)[pri:0, instance:com.nopCommerce.testCases.AddToCartTest@624ea235]" started-at="2023-10-17T10:07:56 IST" name="setUp" finished-at="2023-10-17T10:07:59 IST" duration-ms="3691" status="PASS">
          <params>
            <param index="0">
              <value>
                <![CDATA[Chrome]]>
              </value>
            </param>
          </params>
          <reporter-output>
          </reporter-output>
        </test-method> <!-- setUp -->
        <test-method signature="addToCartTest(java.lang.String,java.lang.String)[pri:0, instance:com.nopCommerce.testCases.AddToCartTest@624ea235]" started-at="2023-10-17T10:07:59 IST" name="addToCartTest" data-provider="product" finished-at="2023-10-17T10:08:15 IST" duration-ms="15629" status="FAIL">
          <params>
            <param index="0">
              <value>
                <![CDATA[t-shirt]]>
              </value>
            </param>
            <param index="1">
              <value>
                <![CDATA[4.0]]>
              </value>
            </param>
          </params>
          <exception class="java.lang.AssertionError">
            <message>
              <![CDATA[expected [true] but found [false]]]>
            </message>
            <full-stacktrace>
              <![CDATA[java.lang.AssertionError: expected [true] but found [false]
at org.testng.Assert.fail(Assert.java:111)
at org.testng.Assert.failNotEquals(Assert.java:1578)
at org.testng.Assert.assertTrue(Assert.java:57)
at org.testng.Assert.assertTrue(Assert.java:67)
at com.nopCommerce.testCases.AddToCartTest.addToCartTest(AddToCartTest.java:51)
at java.base/jdk.internal.reflect.NativeMethodAccessorImpl.invoke0(Native Method)
at java.base/jdk.internal.reflect.NativeMethodAccessorImpl.invoke(NativeMethodAccessorImpl.java:62)
at java.base/jdk.internal.reflect.DelegatingMethodAccessorImpl.invoke(DelegatingMethodAccessorImpl.java:43)
at java.base/java.lang.reflect.Method.invoke(Method.java:566)
at org.testng.internal.invokers.MethodInvocationHelper.invokeMethod(MethodInvocationHelper.java:139)
at org.testng.internal.invokers.TestInvoker.invokeMethod(TestInvoker.java:664)
at org.testng.internal.invokers.TestInvoker.invokeTestMethod(TestInvoker.java:227)
at org.testng.internal.invokers.MethodRunner.runInSequence(MethodRunner.java:50)
at org.testng.internal.invokers.TestInvoker$MethodInvocationAgent.invoke(TestInvoker.java:957)
at org.testng.internal.invokers.TestInvoker.invokeTestMethods(TestInvoker.java:200)
at org.testng.internal.invokers.TestMethodWorker.invokeTestMethods(TestMethodWorker.java:148)
at org.testng.internal.invokers.TestMethodWorker.run(TestMethodWorker.java:128)
at java.base/java.util.ArrayList.forEach(ArrayList.java:1541)
at org.testng.TestRunner.privateRun(TestRunner.java:848)
at org.testng.TestRunner.run(TestRunner.java:621)
at org.testng.SuiteRunner.runTest(SuiteRunner.java:443)
at org.testng.SuiteRunner.runSequentially(SuiteRunner.java:437)
at org.testng.SuiteRunner.privateRun(SuiteRunner.java:397)
at org.testng.SuiteRunner.run(SuiteRunner.java:336)
at org.testng.SuiteRunnerWorker.runSuite(SuiteRunnerWorker.java:52)
at org.testng.SuiteRunnerWorker.run(SuiteRunnerWorker.java:95)
at org.testng.TestNG.runSuitesSequentially(TestNG.java:1280)
at org.testng.TestNG.runSuitesLocally(TestNG.java:1200)
at org.testng.TestNG.runSuites(TestNG.java:1114)
at org.testng.TestNG.run(TestNG.java:1082)
at org.testng.remote.AbstractRemoteTestNG.run(AbstractRemoteTestNG.java:115)
at org.testng.remote.RemoteTestNG.initAndRun(RemoteTestNG.java:251)
at org.testng.remote.RemoteTestNG.main(RemoteTestNG.java:77)
]]>
            </full-stacktrace>
          </exception> <!-- java.lang.AssertionError -->
          <reporter-output>
          </reporter-output>
        </test-method> <!-- addToCartTest -->
        <test-method is-config="true" signature="tearDown()[pri:0, instance:com.nopCommerce.testCases.AddToCartTest@624ea235]" started-at="2023-10-17T10:08:15 IST" name="tearDown" finished-at="2023-10-17T10:08:16 IST" duration-ms="442" status="PASS">
          <reporter-output>
          </reporter-output>
        </test-method> <!-- tearDown -->
      </class> <!-- com.nopCommerce.testCases.AddToCartTest -->
      <class name="com.nopCommerce.testCases.IndexPageTest">
        <test-method is-config="true" signature="setUp(java.lang.String)[pri:0, instance:com.nopCommerce.testCases.IndexPageTest@782859e]" started-at="2023-10-17T10:08:24 IST" name="setUp" finished-at="2023-10-17T10:08:29 IST" duration-ms="5617" status="PASS">
          <params>
            <param index="0">
              <value>
                <![CDATA[Chrome]]>
              </value>
            </param>
          </params>
          <reporter-output>
          </reporter-output>
        </test-method> <!-- setUp -->
        <test-method signature="verifyLogo()[pri:0, instance:com.nopCommerce.testCases.IndexPageTest@782859e]" started-at="2023-10-17T10:08:29 IST" name="verifyLogo" finished-at="2023-10-17T10:08:29 IST" duration-ms="74" status="PASS">
          <reporter-output>
          </reporter-output>
        </test-method> <!-- verifyLogo -->
        <test-method is-config="true" signature="tearDown()[pri:0, instance:com.nopCommerce.testCases.IndexPageTest@782859e]" started-at="2023-10-17T10:08:29 IST" name="tearDown" finished-at="2023-10-17T10:08:30 IST" duration-ms="341" status="PASS">
          <reporter-output>
          </reporter-output>
        </test-method> <!-- tearDown -->
        <test-method is-config="true" signature="setUp(java.lang.String)[pri:0, instance:com.nopCommerce.testCases.IndexPageTest@782859e]" started-at="2023-10-17T10:08:30 IST" name="setUp" finished-at="2023-10-17T10:08:42 IST" duration-ms="11987" status="PASS">
          <params>
            <param index="0">
              <value>
                <![CDATA[Chrome]]>
              </value>
            </param>
          </params>
          <reporter-output>
          </reporter-output>
        </test-method> <!-- setUp -->
        <test-method signature="verifyTitle()[pri:0, instance:com.nopCommerce.testCases.IndexPageTest@782859e]" started-at="2023-10-17T10:08:42 IST" name="verifyTitle" finished-at="2023-10-17T10:08:42 IST" duration-ms="16" status="PASS">
          <reporter-output>
          </reporter-output>
        </test-method> <!-- verifyTitle -->
        <test-method is-config="true" signature="tearDown()[pri:0, instance:com.nopCommerce.testCases.IndexPageTest@782859e]" started-at="2023-10-17T10:08:42 IST" name="tearDown" finished-at="2023-10-17T10:08:42 IST" duration-ms="400" status="PASS">
          <reporter-output>
          </reporter-output>
        </test-method> <!-- tearDown -->
      </class> <!-- com.nopCommerce.testCases.IndexPageTest -->
      <class name="com.nopCommerce.testCases.LoginPageTest">
        <test-method is-config="true" signature="loadConfig()[pri:0, instance:com.nopCommerce.testCases.LoginPageTest@60f00693]" started-at="2023-10-17T10:07:07 IST" name="loadConfig" finished-at="2023-10-17T10:07:07 IST" duration-ms="265" status="PASS">
          <reporter-output>
          </reporter-output>
        </test-method> <!-- loadConfig -->
        <test-method is-config="true" signature="setUp(java.lang.String)[pri:0, instance:com.nopCommerce.testCases.LoginPageTest@60f00693]" started-at="2023-10-17T10:07:08 IST" name="setUp" finished-at="2023-10-17T10:07:33 IST" duration-ms="25657" status="PASS">
          <params>
            <param index="0">
              <value>
                <![CDATA[Chrome]]>
              </value>
            </param>
          </params>
          <reporter-output>
          </reporter-output>
        </test-method> <!-- setUp -->
        <test-method signature="login(java.lang.String,java.lang.String)[pri:0, instance:com.nopCommerce.testCases.LoginPageTest@60f00693]" started-at="2023-10-17T10:07:33 IST" name="login" data-provider="credentials" finished-at="2023-10-17T10:07:37 IST" duration-ms="3855" status="FAIL">
          <params>
            <param index="0">
              <value>
                <![CDATA[xyz0009@gmail.com]]>
              </value>
            </param>
            <param index="1">
              <value>
                <![CDATA[12345h]]>
              </value>
            </param>
          </params>
          <exception class="java.lang.AssertionError">
            <message>
              <![CDATA[expected [https://demo.nopcommerce.com/] but found [https://demo.nopcommerce.com/login?returnurl=%2F]]]>
            </message>
            <full-stacktrace>
              <![CDATA[java.lang.AssertionError: expected [https://demo.nopcommerce.com/] but found [https://demo.nopcommerce.com/login?returnurl=%2F]
at org.testng.Assert.fail(Assert.java:111)
at org.testng.Assert.failNotEquals(Assert.java:1578)
at org.testng.Assert.assertEqualsImpl(Assert.java:150)
at org.testng.Assert.assertEquals(Assert.java:132)
at org.testng.Assert.assertEquals(Assert.java:656)
at org.testng.Assert.assertEquals(Assert.java:666)
at com.nopCommerce.testCases.LoginPageTest.login(LoginPageTest.java:49)
at java.base/jdk.internal.reflect.NativeMethodAccessorImpl.invoke0(Native Method)
at java.base/jdk.internal.reflect.NativeMethodAccessorImpl.invoke(NativeMethodAccessorImpl.java:62)
at java.base/jdk.internal.reflect.DelegatingMethodAccessorImpl.invoke(DelegatingMethodAccessorImpl.java:43)
at java.base/java.lang.reflect.Method.invoke(Method.java:566)
at org.testng.internal.invokers.MethodInvocationHelper.invokeMethod(MethodInvocationHelper.java:139)
at org.testng.internal.invokers.TestInvoker.invokeMethod(TestInvoker.java:664)
at org.testng.internal.invokers.TestInvoker.invokeTestMethod(TestInvoker.java:227)
at org.testng.internal.invokers.MethodRunner.runInSequence(MethodRunner.java:50)
at org.testng.internal.invokers.TestInvoker$MethodInvocationAgent.invoke(TestInvoker.java:957)
at org.testng.internal.invokers.TestInvoker.invokeTestMethods(TestInvoker.java:200)
at org.testng.internal.invokers.TestMethodWorker.invokeTestMethods(TestMethodWorker.java:148)
at org.testng.internal.invokers.TestMethodWorker.run(TestMethodWorker.java:128)
at java.base/java.util.ArrayList.forEach(ArrayList.java:1541)
at org.testng.TestRunner.privateRun(TestRunner.java:848)
at org.testng.TestRunner.run(TestRunner.java:621)
at org.testng.SuiteRunner.runTest(SuiteRunner.java:443)
at org.testng.SuiteRunner.runSequentially(SuiteRunner.java:437)
at org.testng.SuiteRunner.privateRun(SuiteRunner.java:397)
at org.testng.SuiteRunner.run(SuiteRunner.java:336)
at org.testng.SuiteRunnerWorker.runSuite(SuiteRunnerWorker.java:52)
at org.testng.SuiteRunnerWorker.run(SuiteRunnerWorker.java:95)
at org.testng.TestNG.runSuitesSequentially(TestNG.java:1280)
at org.testng.TestNG.runSuitesLocally(TestNG.java:1200)
at org.testng.TestNG.runSuites(TestNG.java:1114)
at org.testng.TestNG.run(TestNG.java:1082)
at org.testng.remote.AbstractRemoteTestNG.run(AbstractRemoteTestNG.java:115)
at org.testng.remote.RemoteTestNG.initAndRun(RemoteTestNG.java:251)
at org.testng.remote.RemoteTestNG.main(RemoteTestNG.java:77)
]]>
            </full-stacktrace>
          </exception> <!-- java.lang.AssertionError -->
          <reporter-output>
          </reporter-output>
        </test-method> <!-- login -->
        <test-method is-config="true" signature="tearDown()[pri:0, instance:com.nopCommerce.testCases.LoginPageTest@60f00693]" started-at="2023-10-17T10:07:37 IST" name="tearDown" finished-at="2023-10-17T10:07:38 IST" duration-ms="351" status="PASS">
          <reporter-output>
          </reporter-output>
        </test-method> <!-- tearDown -->
        <test-method is-config="true" signature="afterSuite()[pri:0, instance:com.nopCommerce.testCases.LoginPageTest@60f00693]" started-at="2023-10-17T10:08:42 IST" name="afterSuite" finished-at="2023-10-17T10:08:43 IST" duration-ms="329" status="PASS">
          <reporter-output>
          </reporter-output>
        </test-method> <!-- afterSuite -->
      </class> <!-- com.nopCommerce.testCases.LoginPageTest -->
    </test> <!-- Test -->
  </suite> <!-- Suite -->
</testng-results>
