<?xml version="1.0" encoding="UTF-8"?>
<!-- Generated by org.testng.reporters.JUnitXMLReporter -->
<testsuite ignored="10" hostname="DESKTOP-TGEBJ9N" failures="2" tests="7" name="Test" time="95.225" errors="0" timestamp="2023-10-17T10:08:42 IST">
  <testcase classname="com.nopCommerce.testCases.LoginPageTest" name="login" time="3.855">
    <failure type="java.lang.AssertionError" message="expected [https://demo.nopcommerce.com/] but found [https://demo.nopcommerce.com/login?returnurl=%2F]">
      <![CDATA[java.lang.AssertionError: expected [https://demo.nopcommerce.com/] but found [https://demo.nopcommerce.com/login?returnurl=%2F]
at com.nopCommerce.testCases.LoginPageTest.login(LoginPageTest.java:49)
at java.base/java.util.ArrayList.forEach(ArrayList.java:1541)
... Removed 33 stack frames]]>
    </failure>
  </testcase> <!-- login -->
  <testcase classname="com.nopCommerce.testCases.NewRagisterTest" name="verifyAccountCreationPage" time="2.129"/>
  <testcase classname="com.nopCommerce.testCases.SerachResultPageTest" name="productAvilabilityTest" time="3.492"/>
  <testcase classname="com.nopCommerce.testCases.AddToCartTest" name="addToCartTest" time="15.629">
    <failure type="java.lang.AssertionError" message="expected [true] but found [false]">
      <![CDATA[java.lang.AssertionError: expected [true] but found [false]
at com.nopCommerce.testCases.AddToCartTest.addToCartTest(AddToCartTest.java:51)
at java.base/java.util.ArrayList.forEach(ArrayList.java:1541)
... Removed 31 stack frames]]>
    </failure>
  </testcase> <!-- addToCartTest -->
  <testcase classname="com.nopCommerce.testCases.HomePageTest" name="wishListTest" time="2.631"/>
  <testcase classname="com.nopCommerce.testCases.IndexPageTest" name="verifyLogo" time="0.074"/>
  <testcase classname="com.nopCommerce.testCases.IndexPageTest" name="verifyTitle" time="0.016"/>
  <testcase classname="com.nopCommerce.base.BaseClass" name="@AfterSuite afterSuite" time="0.0">
    <ignored/>
  </testcase> <!-- @AfterSuite afterSuite -->
  <testcase classname="com.nopCommerce.base.BaseClass" name="@AfterSuite afterSuite" time="0.0">
    <ignored/>
  </testcase> <!-- @AfterSuite afterSuite -->
  <testcase classname="com.nopCommerce.base.BaseClass" name="@BeforeSuite loadConfig" time="0.0">
    <ignored/>
  </testcase> <!-- @BeforeSuite loadConfig -->
  <testcase classname="com.nopCommerce.base.BaseClass" name="@BeforeSuite loadConfig" time="0.0">
    <ignored/>
  </testcase> <!-- @BeforeSuite loadConfig -->
  <testcase classname="com.nopCommerce.base.BaseClass" name="@AfterSuite afterSuite" time="0.0">
    <ignored/>
  </testcase> <!-- @AfterSuite afterSuite -->
  <testcase classname="com.nopCommerce.base.BaseClass" name="@AfterSuite afterSuite" time="0.0">
    <ignored/>
  </testcase> <!-- @AfterSuite afterSuite -->
  <testcase classname="com.nopCommerce.base.BaseClass" name="@AfterSuite afterSuite" time="0.0">
    <ignored/>
  </testcase> <!-- @AfterSuite afterSuite -->
  <testcase classname="com.nopCommerce.base.BaseClass" name="@BeforeSuite loadConfig" time="0.0">
    <ignored/>
  </testcase> <!-- @BeforeSuite loadConfig -->
  <testcase classname="com.nopCommerce.base.BaseClass" name="@BeforeSuite loadConfig" time="0.0">
    <ignored/>
  </testcase> <!-- @BeforeSuite loadConfig -->
  <testcase classname="com.nopCommerce.base.BaseClass" name="@BeforeSuite loadConfig" time="0.0">
    <ignored/>
  </testcase> <!-- @BeforeSuite loadConfig -->
</testsuite> <!-- Test -->
